{"level":30,"time":1744465959922,"pid":15008,"hostname":"rekasa","msg":"User logout"}
{"level":30,"time":1744466219753,"pid":3472,"hostname":"rekasa","msg":"User logout"}
{"level":30,"time":1744466226375,"pid":3472,"hostname":"rekasa","msg":"User logout"}
{"level":30,"time":"2025-04-12T14:22:53.728Z","pid":3808,"hostname":"rekasa","msg":"User logout"}
{"level":30,"time":"2025-04-12T14:25:13.215Z","pid":17840,"hostname":"rekasa","description":"User logout"}
{"level":30,"time":"04/12/2025, 22:35:01","pid":2900,"hostname":"rekasa","description":"User logout"}
{"level":40,"time":"04/12/2025, 22:38:52","pid":8592,"hostname":"rekasa","description":"Signin Validation error on part body"}
{"level":40,"time":"04/12/2025, 22:39:07","pid":14744,"hostname":"rekasa","description":"Signin Validation error on part body"}
{"level":40,"time":"04/12/2025, 22:44:58","pid":16848,"hostname":"rekasa","description":"Signin Validation error on part body"}
{"level":30,"time":"04/12/2025, 22:47:31","pid":17952,"hostname":"rekasa","description":"Auth failed: No token provided"}
{"level":40,"time":"04/12/2025, 22:49:33","pid":17812,"hostname":"rekasa","description":"Auth failed: No token provided"}
{"level":40,"time":"04/12/2025, 10:50:03 PM","pid":7348,"hostname":"rekasa","description":"Auth failed: No token provided"}
{"level":40,"time":"06/25/2025, 09:59:10 PM","pid":135461,"hostname":"fedora","description":"Auth failed: No token provided"}
{"level":40,"time":"06/25/2025, 10:00:52 PM","pid":135461,"hostname":"fedora","description":"Auth failed: No token provided"}
{"level":40,"time":"06/25/2025, 10:05:28 PM","pid":138663,"hostname":"fedora","description":"Auth failed: No token provided"}
{"level":30,"time":"06/25/2025, 10:05:43 PM","pid":138663,"hostname":"fedora","userId":"685c0237d7dd6c177300811e","description":"User registered"}
{"level":30,"time":"06/25/2025, 10:05:43 PM","pid":138663,"hostname":"fedora","userId":"685c0237d7dd6c177300811e","description":"Auth succeeded"}
{"level":30,"time":"06/25/2025, 10:05:43 PM","pid":138663,"hostname":"fedora","description":"regeecasana57@gmail.com - User authenticated"}
{"level":30,"time":"06/25/2025, 10:05:57 PM","pid":138663,"hostname":"fedora","userId":"685c0237d7dd6c177300811e","description":"Auth succeeded"}
{"level":30,"time":"06/25/2025, 10:05:57 PM","pid":138663,"hostname":"fedora","buffer":{"type":"Buffer","data":[104,92,2,55,215,221,108,23,115,0,129,30]},"description":"User logout"}
